<?xml version="1.0" encoding="UTF-8"?>
<testsuite xmlns:xsi="http://www.w3.org/2001/XMLSchema-instance" xsi:noNamespaceSchemaLocation="https://maven.apache.org/surefire/maven-surefire-plugin/xsd/surefire-test-report-3.0.xsd" version="3.0" name="Task2.Task2" time="128.72" tests="1" errors="0" skipped="0" failures="0">
  <properties>
[...]
</properties>
  <testcase name="AmaysimTest" classname="Task2.Task2" time="125.228">
    <system-out><![CDATA[Great value Phone Plans in Australia | amaysimYour attempt to pay via Credit Card has failed. Please ensure you have enough funds and try again or use another credit card.
Your attempt to pay via Credit Card has failed. Please ensure you have enough funds and try again or use another credit card.
]]></system-out>
    <system-err><![CDATA[SLF4J: Failed to load class "org.slf4j.impl.StaticLoggerBinder".
SLF4J: Defaulting to no-operation (NOP) logger implementation
SLF4J: See http://www.slf4j.org/codes.html#StaticLoggerBinder for further details.
Jan 14, 2025 4:53:35 PM org.openqa.selenium.devtools.CdpVersionFinder findNearestMatch
WARNING: Unable to find an exact match for CDP version 131, returning the closest version; found: 130; Please update to a Selenium version that supports CDP version 131
]]></system-err>
  </testcase>
</testsuite>